<?xml version="1.0" encoding="UTF-8"?>
<testng-results skipped="0" failed="0" total="96" passed="96">
  <reporter-output>
  </reporter-output>
  <suite name="Default suite" duration-ms="3503" started-at="2012-01-29T14:57:21Z" finished-at="2012-01-29T14:57:24Z">
    <groups>
    </groups>
    <test name="Default test" duration-ms="3503" started-at="2012-01-29T14:57:21Z" finished-at="2012-01-29T14:57:24Z">
      <class name="org.technbolts.util.CharTreeTest">
        <test-method status="PASS" signature="setUp()[pri:0, instance:org.technbolts.util.CharTreeTest@217f242c]" name="setUp" is-config="true" duration-ms="0" started-at="2012-01-29T14:57:24Z" finished-at="2012-01-29T14:57:24Z">
        </test-method>
        <test-method status="PASS" signature="lookup()[pri:0, instance:org.technbolts.util.CharTreeTest@217f242c]" name="lookup" duration-ms="1" started-at="2012-01-29T14:57:24Z" finished-at="2012-01-29T14:57:24Z">
        </test-method>
        <test-method status="PASS" signature="setUp()[pri:0, instance:org.technbolts.util.CharTreeTest@217f242c]" name="setUp" is-config="true" duration-ms="0" started-at="2012-01-29T14:57:24Z" finished-at="2012-01-29T14:57:24Z">
        </test-method>
        <test-method status="PASS" signature="lookup_missing()[pri:0, instance:org.technbolts.util.CharTreeTest@217f242c]" name="lookup_missing" duration-ms="1" started-at="2012-01-29T14:57:24Z" finished-at="2012-01-29T14:57:24Z">
        </test-method>
      </class>
      <class name="org.technbolts.util.RegexTest">
        <test-method status="PASS" signature="usecaseEx1()[pri:0, instance:org.technbolts.util.RegexTest@13b06041]" name="usecaseEx1" duration-ms="1" started-at="2012-01-29T14:57:21Z" finished-at="2012-01-29T14:57:21Z">
        </test-method>
        <test-method status="PASS" signature="usecaseEx2()[pri:0, instance:org.technbolts.util.RegexTest@13b06041]" name="usecaseEx2" duration-ms="3" started-at="2012-01-29T14:57:21Z" finished-at="2012-01-29T14:57:21Z">
        </test-method>
      </class>
      <class name="org.technbolts.util.StringEnhancerTest">
        <test-method status="PASS" signature="isTheStartOfOneOf()[pri:0, instance:org.technbolts.util.StringEnhancerTest@221fd5e2]" name="isTheStartOfOneOf" duration-ms="2" started-at="2012-01-29T14:57:21Z" finished-at="2012-01-29T14:57:21Z">
        </test-method>
      </class>
      <class name="org.technbolts.jbehave.parser.StoryParserTest">
        <test-method status="PASS" signature="parse_case1()[pri:0, instance:org.technbolts.jbehave.parser.StoryParserTest@57a7ddcf]" name="parse_case1" duration-ms="2" started-at="2012-01-29T14:57:24Z" finished-at="2012-01-29T14:57:24Z">
        </test-method>
        <test-method status="PASS" signature="parse_case2()[pri:0, instance:org.technbolts.jbehave.parser.StoryParserTest@57a7ddcf]" name="parse_case2" duration-ms="0" started-at="2012-01-29T14:57:24Z" finished-at="2012-01-29T14:57:24Z">
        </test-method>
        <test-method status="PASS" signature="parse_case4()[pri:0, instance:org.technbolts.jbehave.parser.StoryParserTest@57a7ddcf]" name="parse_case4" duration-ms="3" started-at="2012-01-29T14:57:24Z" finished-at="2012-01-29T14:57:24Z">
        </test-method>
        <test-method status="PASS" signature="parse_case5_exampleTable()[pri:0, instance:org.technbolts.jbehave.parser.StoryParserTest@57a7ddcf]" name="parse_case5_exampleTable" duration-ms="2" started-at="2012-01-29T14:57:24Z" finished-at="2012-01-29T14:57:24Z">
        </test-method>
        <test-method status="PASS" signature="parse_case6_exampleTable()[pri:0, instance:org.technbolts.jbehave.parser.StoryParserTest@57a7ddcf]" name="parse_case6_exampleTable" duration-ms="3" started-at="2012-01-29T14:57:24Z" finished-at="2012-01-29T14:57:24Z">
        </test-method>
        <test-method status="PASS" signature="parse_case7_exampleTable()[pri:0, instance:org.technbolts.jbehave.parser.StoryParserTest@57a7ddcf]" name="parse_case7_exampleTable" duration-ms="11" started-at="2012-01-29T14:57:24Z" finished-at="2012-01-29T14:57:24Z">
        </test-method>
      </class>
      <class name="org.technbolts.util.StringMatcherTest">
        <test-method status="PASS" signature="setup()[pri:0, instance:org.technbolts.util.StringMatcherTest@5812f9ee]" name="setup" is-config="true" duration-ms="2" started-at="2012-01-29T14:57:24Z" finished-at="2012-01-29T14:57:24Z">
        </test-method>
        <test-method status="PASS" signature="no_include_one_exclude()[pri:0, instance:org.technbolts.util.StringMatcherTest@5812f9ee]" name="no_include_one_exclude" duration-ms="51" started-at="2012-01-29T14:57:24Z" finished-at="2012-01-29T14:57:24Z">
        </test-method>
        <test-method status="PASS" signature="setup()[pri:0, instance:org.technbolts.util.StringMatcherTest@5812f9ee]" name="setup" is-config="true" duration-ms="0" started-at="2012-01-29T14:57:24Z" finished-at="2012-01-29T14:57:24Z">
        </test-method>
        <test-method status="PASS" signature="no_include_two_excludes()[pri:0, instance:org.technbolts.util.StringMatcherTest@5812f9ee]" name="no_include_two_excludes" duration-ms="1" started-at="2012-01-29T14:57:24Z" finished-at="2012-01-29T14:57:24Z">
        </test-method>
        <test-method status="PASS" signature="no_includes_no_excludes()[pri:0, instance:org.technbolts.util.StringMatcherTest@5812f9ee]" name="no_includes_no_excludes" duration-ms="1" started-at="2012-01-29T14:57:24Z" finished-at="2012-01-29T14:57:24Z">
        </test-method>
        <test-method status="PASS" signature="setup()[pri:0, instance:org.technbolts.util.StringMatcherTest@5812f9ee]" name="setup" is-config="true" duration-ms="0" started-at="2012-01-29T14:57:24Z" finished-at="2012-01-29T14:57:24Z">
        </test-method>
        <test-method status="PASS" signature="setup()[pri:0, instance:org.technbolts.util.StringMatcherTest@5812f9ee]" name="setup" is-config="true" duration-ms="0" started-at="2012-01-29T14:57:24Z" finished-at="2012-01-29T14:57:24Z">
        </test-method>
        <test-method status="PASS" signature="one_include_no_excludes()[pri:0, instance:org.technbolts.util.StringMatcherTest@5812f9ee]" name="one_include_no_excludes" duration-ms="0" started-at="2012-01-29T14:57:24Z" finished-at="2012-01-29T14:57:24Z">
        </test-method>
        <test-method status="PASS" signature="setup()[pri:0, instance:org.technbolts.util.StringMatcherTest@5812f9ee]" name="setup" is-config="true" duration-ms="0" started-at="2012-01-29T14:57:24Z" finished-at="2012-01-29T14:57:24Z">
        </test-method>
        <test-method status="PASS" signature="one_include_one_exclude()[pri:0, instance:org.technbolts.util.StringMatcherTest@5812f9ee]" name="one_include_one_exclude" duration-ms="1" started-at="2012-01-29T14:57:24Z" finished-at="2012-01-29T14:57:24Z">
        </test-method>
        <test-method status="PASS" signature="setup()[pri:0, instance:org.technbolts.util.StringMatcherTest@5812f9ee]" name="setup" is-config="true" duration-ms="0" started-at="2012-01-29T14:57:24Z" finished-at="2012-01-29T14:57:24Z">
        </test-method>
        <test-method status="PASS" signature="two_includes_no_excludes()[pri:0, instance:org.technbolts.util.StringMatcherTest@5812f9ee]" name="two_includes_no_excludes" duration-ms="0" started-at="2012-01-29T14:57:24Z" finished-at="2012-01-29T14:57:24Z">
        </test-method>
      </class>
      <class name="org.technbolts.util.ParametrizedStringTest">
        <test-method status="PASS" signature="acceptsInputPart_noParameter()[pri:0, instance:org.technbolts.util.ParametrizedStringTest@786c730]" name="acceptsInputPart_noParameter" duration-ms="5" started-at="2012-01-29T14:57:21Z" finished-at="2012-01-29T14:57:21Z">
        </test-method>
        <test-method status="PASS" signature="acceptsInputPart_with2Parameters_after2ndParameter()[pri:0, instance:org.technbolts.util.ParametrizedStringTest@786c730]" name="acceptsInputPart_with2Parameters_after2ndParameter" duration-ms="1" started-at="2012-01-29T14:57:21Z" finished-at="2012-01-29T14:57:21Z">
        </test-method>
        <test-method status="PASS" signature="acceptsInputPart_with2Parameters_before2ndParameter()[pri:0, instance:org.technbolts.util.ParametrizedStringTest@786c730]" name="acceptsInputPart_with2Parameters_before2ndParameter" duration-ms="0" started-at="2012-01-29T14:57:21Z" finished-at="2012-01-29T14:57:21Z">
        </test-method>
        <test-method status="PASS" signature="acceptsInputPart_with2Parameters_fullMatch()[pri:0, instance:org.technbolts.util.ParametrizedStringTest@786c730]" name="acceptsInputPart_with2Parameters_fullMatch" duration-ms="1" started-at="2012-01-29T14:57:21Z" finished-at="2012-01-29T14:57:21Z">
        </test-method>
        <test-method status="PASS" signature="acceptsInputPart_with2Parameters_inside2ndParameter()[pri:0, instance:org.technbolts.util.ParametrizedStringTest@786c730]" name="acceptsInputPart_with2Parameters_inside2ndParameter" duration-ms="1" started-at="2012-01-29T14:57:21Z" finished-at="2012-01-29T14:57:21Z">
        </test-method>
        <test-method status="PASS" signature="acceptsInputPart_withParameter_afterParameter()[pri:0, instance:org.technbolts.util.ParametrizedStringTest@786c730]" name="acceptsInputPart_withParameter_afterParameter" duration-ms="1" started-at="2012-01-29T14:57:21Z" finished-at="2012-01-29T14:57:21Z">
        </test-method>
        <test-method status="PASS" signature="acceptsInputPart_withParameter_beforeParameter_fullLiteral()[pri:0, instance:org.technbolts.util.ParametrizedStringTest@786c730]" name="acceptsInputPart_withParameter_beforeParameter_fullLiteral" duration-ms="2" started-at="2012-01-29T14:57:21Z" finished-at="2012-01-29T14:57:21Z">
        </test-method>
        <test-method status="PASS" signature="acceptsInputPart_withParameter_beforeParameter_insideLiteral_ex1()[pri:0, instance:org.technbolts.util.ParametrizedStringTest@786c730]" name="acceptsInputPart_withParameter_beforeParameter_insideLiteral_ex1" duration-ms="2" started-at="2012-01-29T14:57:21Z" finished-at="2012-01-29T14:57:21Z">
        </test-method>
        <test-method status="PASS" signature="acceptsInputPart_withParameter_beforeParameter_insideLiteral_ex2()[pri:0, instance:org.technbolts.util.ParametrizedStringTest@786c730]" name="acceptsInputPart_withParameter_beforeParameter_insideLiteral_ex2" duration-ms="1" started-at="2012-01-29T14:57:21Z" finished-at="2012-01-29T14:57:21Z">
        </test-method>
        <test-method status="PASS" signature="acceptsInputPart_withParameter_beforeParameter_invalidLiteral()[pri:0, instance:org.technbolts.util.ParametrizedStringTest@786c730]" name="acceptsInputPart_withParameter_beforeParameter_invalidLiteral" duration-ms="0" started-at="2012-01-29T14:57:21Z" finished-at="2012-01-29T14:57:21Z">
        </test-method>
        <test-method status="PASS" signature="acceptsInputPart_withParameter_fullMatch()[pri:0, instance:org.technbolts.util.ParametrizedStringTest@786c730]" name="acceptsInputPart_withParameter_fullMatch" duration-ms="9" started-at="2012-01-29T14:57:21Z" finished-at="2012-01-29T14:57:21Z">
        </test-method>
        <test-method status="PASS" signature="acceptsInputPart_withParameter_insideParameter()[pri:0, instance:org.technbolts.util.ParametrizedStringTest@786c730]" name="acceptsInputPart_withParameter_insideParameter" duration-ms="1" started-at="2012-01-29T14:57:21Z" finished-at="2012-01-29T14:57:21Z">
        </test-method>
        <test-method status="PASS" signature="complete_noParameter_ex1()[pri:0, instance:org.technbolts.util.ParametrizedStringTest@786c730]" name="complete_noParameter_ex1" duration-ms="0" started-at="2012-01-29T14:57:21Z" finished-at="2012-01-29T14:57:21Z">
        </test-method>
        <test-method status="PASS" signature="complete_noParameter_ex2()[pri:0, instance:org.technbolts.util.ParametrizedStringTest@786c730]" name="complete_noParameter_ex2" duration-ms="1" started-at="2012-01-29T14:57:21Z" finished-at="2012-01-29T14:57:21Z">
        </test-method>
        <test-method status="PASS" signature="complete_noParameter_ex3()[pri:0, instance:org.technbolts.util.ParametrizedStringTest@786c730]" name="complete_noParameter_ex3" duration-ms="1" started-at="2012-01-29T14:57:21Z" finished-at="2012-01-29T14:57:21Z">
        </test-method>
        <test-method status="PASS" signature="complete_with2Parameters_after2ndParameter()[pri:0, instance:org.technbolts.util.ParametrizedStringTest@786c730]" name="complete_with2Parameters_after2ndParameter" duration-ms="0" started-at="2012-01-29T14:57:21Z" finished-at="2012-01-29T14:57:21Z">
        </test-method>
        <test-method status="PASS" signature="complete_with2Parameters_before2ndParameter_ex1()[pri:0, instance:org.technbolts.util.ParametrizedStringTest@786c730]" name="complete_with2Parameters_before2ndParameter_ex1" duration-ms="1" started-at="2012-01-29T14:57:21Z" finished-at="2012-01-29T14:57:21Z">
        </test-method>
        <test-method status="PASS" signature="complete_with2Parameters_before2ndParameter_ex2()[pri:0, instance:org.technbolts.util.ParametrizedStringTest@786c730]" name="complete_with2Parameters_before2ndParameter_ex2" duration-ms="1" started-at="2012-01-29T14:57:21Z" finished-at="2012-01-29T14:57:21Z">
        </test-method>
        <test-method status="PASS" signature="complete_with2Parameters_fullMatch()[pri:0, instance:org.technbolts.util.ParametrizedStringTest@786c730]" name="complete_with2Parameters_fullMatch" duration-ms="1" started-at="2012-01-29T14:57:21Z" finished-at="2012-01-29T14:57:21Z">
        </test-method>
        <test-method status="PASS" signature="complete_with2Parameters_inside2ndParameter()[pri:0, instance:org.technbolts.util.ParametrizedStringTest@786c730]" name="complete_with2Parameters_inside2ndParameter" duration-ms="0" started-at="2012-01-29T14:57:21Z" finished-at="2012-01-29T14:57:21Z">
        </test-method>
        <test-method status="PASS" signature="complete_withParameter_afterParameter()[pri:0, instance:org.technbolts.util.ParametrizedStringTest@786c730]" name="complete_withParameter_afterParameter" duration-ms="0" started-at="2012-01-29T14:57:21Z" finished-at="2012-01-29T14:57:21Z">
        </test-method>
        <test-method status="PASS" signature="complete_withParameter_beforeParameter_fullLiteral()[pri:0, instance:org.technbolts.util.ParametrizedStringTest@786c730]" name="complete_withParameter_beforeParameter_fullLiteral" duration-ms="0" started-at="2012-01-29T14:57:21Z" finished-at="2012-01-29T14:57:21Z">
        </test-method>
        <test-method status="PASS" signature="complete_withParameter_beforeParameter_insideLiteral_ex1()[pri:0, instance:org.technbolts.util.ParametrizedStringTest@786c730]" name="complete_withParameter_beforeParameter_insideLiteral_ex1" duration-ms="1" started-at="2012-01-29T14:57:21Z" finished-at="2012-01-29T14:57:21Z">
        </test-method>
        <test-method status="PASS" signature="complete_withParameter_beforeParameter_insideLiteral_ex2()[pri:0, instance:org.technbolts.util.ParametrizedStringTest@786c730]" name="complete_withParameter_beforeParameter_insideLiteral_ex2" duration-ms="0" started-at="2012-01-29T14:57:21Z" finished-at="2012-01-29T14:57:21Z">
        </test-method>
        <test-method status="PASS" signature="complete_withParameter_beforeParameter_invalidLiteral()[pri:0, instance:org.technbolts.util.ParametrizedStringTest@786c730]" name="complete_withParameter_beforeParameter_invalidLiteral" duration-ms="3" started-at="2012-01-29T14:57:21Z" finished-at="2012-01-29T14:57:21Z">
        </test-method>
        <test-method status="PASS" signature="complete_withParameter_fullMatch()[pri:0, instance:org.technbolts.util.ParametrizedStringTest@786c730]" name="complete_withParameter_fullMatch" duration-ms="0" started-at="2012-01-29T14:57:21Z" finished-at="2012-01-29T14:57:21Z">
        </test-method>
        <test-method status="PASS" signature="complete_withParameter_insideParameter()[pri:0, instance:org.technbolts.util.ParametrizedStringTest@786c730]" name="complete_withParameter_insideParameter" duration-ms="1" started-at="2012-01-29T14:57:21Z" finished-at="2012-01-29T14:57:21Z">
        </test-method>
        <test-method status="PASS" signature="getParameters()[pri:0, instance:org.technbolts.util.ParametrizedStringTest@786c730]" name="getParameters" duration-ms="1" started-at="2012-01-29T14:57:21Z" finished-at="2012-01-29T14:57:21Z">
        </test-method>
        <test-method status="PASS" signature="getParameters_parameterAtEnd()[pri:0, instance:org.technbolts.util.ParametrizedStringTest@786c730]" name="getParameters_parameterAtEnd" duration-ms="0" started-at="2012-01-29T14:57:21Z" finished-at="2012-01-29T14:57:21Z">
        </test-method>
        <test-method status="PASS" signature="getTokens()[pri:0, instance:org.technbolts.util.ParametrizedStringTest@786c730]" name="getTokens" duration-ms="1" started-at="2012-01-29T14:57:21Z" finished-at="2012-01-29T14:57:21Z">
        </test-method>
        <test-method status="PASS" signature="getTokens_ex1()[pri:0, instance:org.technbolts.util.ParametrizedStringTest@786c730]" name="getTokens_ex1" duration-ms="1" started-at="2012-01-29T14:57:21Z" finished-at="2012-01-29T14:57:21Z">
        </test-method>
        <test-method status="PASS" signature="matches_noParameter()[pri:0, instance:org.technbolts.util.ParametrizedStringTest@786c730]" name="matches_noParameter" duration-ms="82" started-at="2012-01-29T14:57:21Z" finished-at="2012-01-29T14:57:21Z">
        </test-method>
        <test-method status="PASS" signature="matches_withOneParameter()[pri:0, instance:org.technbolts.util.ParametrizedStringTest@786c730]" name="matches_withOneParameter" duration-ms="0" started-at="2012-01-29T14:57:21Z" finished-at="2012-01-29T14:57:21Z">
        </test-method>
        <test-method status="PASS" signature="matches_withTwoParameters()[pri:0, instance:org.technbolts.util.ParametrizedStringTest@786c730]" name="matches_withTwoParameters" duration-ms="0" started-at="2012-01-29T14:57:21Z" finished-at="2012-01-29T14:57:21Z">
        </test-method>
        <test-method status="PASS" signature="weightChain_ex1()[pri:0, instance:org.technbolts.util.ParametrizedStringTest@786c730]" name="weightChain_ex1" duration-ms="0" started-at="2012-01-29T14:57:21Z" finished-at="2012-01-29T14:57:21Z">
        </test-method>
        <test-method status="PASS" signature="weightChain_noParameter_ex1()[pri:0, instance:org.technbolts.util.ParametrizedStringTest@786c730]" name="weightChain_noParameter_ex1" duration-ms="1" started-at="2012-01-29T14:57:21Z" finished-at="2012-01-29T14:57:21Z">
        </test-method>
        <test-method status="PASS" signature="weightChain_noParameter_ex2()[pri:0, instance:org.technbolts.util.ParametrizedStringTest@786c730]" name="weightChain_noParameter_ex2" duration-ms="1" started-at="2012-01-29T14:57:21Z" finished-at="2012-01-29T14:57:21Z">
        </test-method>
        <test-method status="PASS" signature="weightChain_noParameter_ex3()[pri:0, instance:org.technbolts.util.ParametrizedStringTest@786c730]" name="weightChain_noParameter_ex3" duration-ms="1" started-at="2012-01-29T14:57:21Z" finished-at="2012-01-29T14:57:21Z">
        </test-method>
        <test-method status="PASS" signature="weightChain_with2Parameters_after2ndParameter()[pri:0, instance:org.technbolts.util.ParametrizedStringTest@786c730]" name="weightChain_with2Parameters_after2ndParameter" duration-ms="1" started-at="2012-01-29T14:57:21Z" finished-at="2012-01-29T14:57:21Z">
        </test-method>
        <test-method status="PASS" signature="weightChain_with2Parameters_before2ndParameter_ex1()[pri:0, instance:org.technbolts.util.ParametrizedStringTest@786c730]" name="weightChain_with2Parameters_before2ndParameter_ex1" duration-ms="1" started-at="2012-01-29T14:57:21Z" finished-at="2012-01-29T14:57:21Z">
        </test-method>
        <test-method status="PASS" signature="weightChain_with2Parameters_before2ndParameter_ex2()[pri:0, instance:org.technbolts.util.ParametrizedStringTest@786c730]" name="weightChain_with2Parameters_before2ndParameter_ex2" duration-ms="0" started-at="2012-01-29T14:57:21Z" finished-at="2012-01-29T14:57:21Z">
        </test-method>
        <test-method status="PASS" signature="weightChain_with2Parameters_fullMatch()[pri:0, instance:org.technbolts.util.ParametrizedStringTest@786c730]" name="weightChain_with2Parameters_fullMatch" duration-ms="0" started-at="2012-01-29T14:57:21Z" finished-at="2012-01-29T14:57:21Z">
        </test-method>
        <test-method status="PASS" signature="weightChain_with2Parameters_inside2ndParameter()[pri:0, instance:org.technbolts.util.ParametrizedStringTest@786c730]" name="weightChain_with2Parameters_inside2ndParameter" duration-ms="0" started-at="2012-01-29T14:57:21Z" finished-at="2012-01-29T14:57:21Z">
        </test-method>
        <test-method status="PASS" signature="weightChain_withNewlines()[pri:0, instance:org.technbolts.util.ParametrizedStringTest@786c730]" name="weightChain_withNewlines" duration-ms="0" started-at="2012-01-29T14:57:21Z" finished-at="2012-01-29T14:57:21Z">
        </test-method>
        <test-method status="PASS" signature="weightChain_withNewlines_noParameterBefore()[pri:0, instance:org.technbolts.util.ParametrizedStringTest@786c730]" name="weightChain_withNewlines_noParameterBefore" duration-ms="0" started-at="2012-01-29T14:57:21Z" finished-at="2012-01-29T14:57:21Z">
        </test-method>
        <test-method status="PASS" signature="weightChain_withParameter_afterParameter()[pri:0, instance:org.technbolts.util.ParametrizedStringTest@786c730]" name="weightChain_withParameter_afterParameter" duration-ms="13" started-at="2012-01-29T14:57:21Z" finished-at="2012-01-29T14:57:21Z">
        </test-method>
        <test-method status="PASS" signature="weightChain_withParameter_beforeParameter_fullLiteral()[pri:0, instance:org.technbolts.util.ParametrizedStringTest@786c730]" name="weightChain_withParameter_beforeParameter_fullLiteral" duration-ms="2" started-at="2012-01-29T14:57:21Z" finished-at="2012-01-29T14:57:21Z">
        </test-method>
        <test-method status="PASS" signature="weightChain_withParameter_beforeParameter_insideLiteral_ex1()[pri:0, instance:org.technbolts.util.ParametrizedStringTest@786c730]" name="weightChain_withParameter_beforeParameter_insideLiteral_ex1" duration-ms="0" started-at="2012-01-29T14:57:21Z" finished-at="2012-01-29T14:57:21Z">
        </test-method>
        <test-method status="PASS" signature="weightChain_withParameter_beforeParameter_insideLiteral_ex2()[pri:0, instance:org.technbolts.util.ParametrizedStringTest@786c730]" name="weightChain_withParameter_beforeParameter_insideLiteral_ex2" duration-ms="0" started-at="2012-01-29T14:57:21Z" finished-at="2012-01-29T14:57:21Z">
        </test-method>
        <test-method status="PASS" signature="weightChain_withParameter_beforeParameter_invalidLiteral()[pri:0, instance:org.technbolts.util.ParametrizedStringTest@786c730]" name="weightChain_withParameter_beforeParameter_invalidLiteral" duration-ms="1" started-at="2012-01-29T14:57:21Z" finished-at="2012-01-29T14:57:21Z">
        </test-method>
        <test-method status="PASS" signature="weightChain_withParameter_fullMatch()[pri:0, instance:org.technbolts.util.ParametrizedStringTest@786c730]" name="weightChain_withParameter_fullMatch" duration-ms="0" started-at="2012-01-29T14:57:21Z" finished-at="2012-01-29T14:57:21Z">
        </test-method>
        <test-method status="PASS" signature="weightChain_withParameter_insideParameter()[pri:0, instance:org.technbolts.util.ParametrizedStringTest@786c730]" name="weightChain_withParameter_insideParameter" duration-ms="1" started-at="2012-01-29T14:57:21Z" finished-at="2012-01-29T14:57:21Z">
        </test-method>
      </class>
      <class name="org.technbolts.eclipse.jbehave.PartitionScannerTest">
        <test-method status="PASS" signature="setUp()[pri:0, instance:org.technbolts.eclipse.jbehave.PartitionScannerTest@4026e9f9]" name="setUp" is-config="true" duration-ms="2" started-at="2012-01-29T14:57:21Z" finished-at="2012-01-29T14:57:21Z">
        </test-method>
        <test-method status="PASS" signature="usecase_ex1()[pri:0, instance:org.technbolts.eclipse.jbehave.PartitionScannerTest@4026e9f9]" name="usecase_ex1" duration-ms="35" started-at="2012-01-29T14:57:21Z" finished-at="2012-01-29T14:57:21Z">
        </test-method>
      </class>
      <class name="org.technbolts.jbehave.parser.ConstantsTest">
        <test-method status="PASS" signature="containsExampleTable_noTable()[pri:0, instance:org.technbolts.jbehave.parser.ConstantsTest@643ae941]" name="containsExampleTable_noTable" duration-ms="2" started-at="2012-01-29T14:57:21Z" finished-at="2012-01-29T14:57:21Z">
        </test-method>
        <test-method status="PASS" signature="containsExampleTable_noTableButComment()[pri:0, instance:org.technbolts.jbehave.parser.ConstantsTest@643ae941]" name="containsExampleTable_noTableButComment" duration-ms="1" started-at="2012-01-29T14:57:21Z" finished-at="2012-01-29T14:57:21Z">
        </test-method>
        <test-method status="PASS" signature="containsExampleTable_withTable()[pri:0, instance:org.technbolts.jbehave.parser.ConstantsTest@643ae941]" name="containsExampleTable_withTable" duration-ms="2" started-at="2012-01-29T14:57:21Z" finished-at="2012-01-29T14:57:21Z">
        </test-method>
        <test-method status="PASS" signature="containsExampleTable_withTableAndComment()[pri:0, instance:org.technbolts.jbehave.parser.ConstantsTest@643ae941]" name="containsExampleTable_withTableAndComment" duration-ms="1" started-at="2012-01-29T14:57:21Z" finished-at="2012-01-29T14:57:21Z">
        </test-method>
        <test-method status="PASS" signature="containsExampleTable_withTable_edgeCase1()[pri:0, instance:org.technbolts.jbehave.parser.ConstantsTest@643ae941]" name="containsExampleTable_withTable_edgeCase1" duration-ms="1" started-at="2012-01-29T14:57:21Z" finished-at="2012-01-29T14:57:21Z">
        </test-method>
        <test-method status="PASS" signature="containsExampleTable_withTable_edgeCase2()[pri:0, instance:org.technbolts.jbehave.parser.ConstantsTest@643ae941]" name="containsExampleTable_withTable_edgeCase2" duration-ms="1" started-at="2012-01-29T14:57:21Z" finished-at="2012-01-29T14:57:21Z">
        </test-method>
        <test-method status="PASS" signature="removeComment_ex1()[pri:0, instance:org.technbolts.jbehave.parser.ConstantsTest@643ae941]" name="removeComment_ex1" duration-ms="1" started-at="2012-01-29T14:57:21Z" finished-at="2012-01-29T14:57:21Z">
        </test-method>
        <test-method status="PASS" signature="removeComment_noComment()[pri:0, instance:org.technbolts.jbehave.parser.ConstantsTest@643ae941]" name="removeComment_noComment" duration-ms="1" started-at="2012-01-29T14:57:21Z" finished-at="2012-01-29T14:57:21Z">
        </test-method>
        <test-method status="PASS" signature="removeComment_onlyOneComment()[pri:0, instance:org.technbolts.jbehave.parser.ConstantsTest@643ae941]" name="removeComment_onlyOneComment" duration-ms="1" started-at="2012-01-29T14:57:21Z" finished-at="2012-01-29T14:57:21Z">
        </test-method>
        <test-method status="PASS" signature="removeComment_onlySeveralComments()[pri:0, instance:org.technbolts.jbehave.parser.ConstantsTest@643ae941]" name="removeComment_onlySeveralComments" duration-ms="1" started-at="2012-01-29T14:57:21Z" finished-at="2012-01-29T14:57:21Z">
        </test-method>
        <test-method status="PASS" signature="splitLine()[pri:0, instance:org.technbolts.jbehave.parser.ConstantsTest@643ae941]" name="splitLine" duration-ms="2" started-at="2012-01-29T14:57:21Z" finished-at="2012-01-29T14:57:21Z">
        </test-method>
        <test-method status="PASS" signature="splitLine_startsWithNL()[pri:0, instance:org.technbolts.jbehave.parser.ConstantsTest@643ae941]" name="splitLine_startsWithNL" duration-ms="2" started-at="2012-01-29T14:57:21Z" finished-at="2012-01-29T14:57:21Z">
        </test-method>
        <test-method status="PASS" signature="tokenize_()[pri:0, instance:org.technbolts.jbehave.parser.ConstantsTest@643ae941]" name="tokenize_" duration-ms="1" started-at="2012-01-29T14:57:21Z" finished-at="2012-01-29T14:57:21Z">
        </test-method>
      </class>
      <class name="org.technbolts.eclipse.jbehave.StepParserTest">
        <test-method status="PASS" signature="setUp()[pri:0, instance:org.technbolts.eclipse.jbehave.StepParserTest@7c6572b]" name="setUp" is-config="true" duration-ms="13" started-at="2012-01-29T14:57:24Z" finished-at="2012-01-29T14:57:24Z">
        </test-method>
        <test-method status="PASS" signature="usecase_ex04_exampleTable()[pri:0, instance:org.technbolts.eclipse.jbehave.StepParserTest@7c6572b]" name="usecase_ex04_exampleTable" duration-ms="18" started-at="2012-01-29T14:57:24Z" finished-at="2012-01-29T14:57:24Z">
        </test-method>
        <test-method status="PASS" signature="setUp()[pri:0, instance:org.technbolts.eclipse.jbehave.StepParserTest@7c6572b]" name="setUp" is-config="true" duration-ms="5" started-at="2012-01-29T14:57:24Z" finished-at="2012-01-29T14:57:24Z">
        </test-method>
        <test-method status="PASS" signature="usecase_ex05_exampleTable()[pri:0, instance:org.technbolts.eclipse.jbehave.StepParserTest@7c6572b]" name="usecase_ex05_exampleTable" duration-ms="14" started-at="2012-01-29T14:57:24Z" finished-at="2012-01-29T14:57:24Z">
        </test-method>
        <test-method status="PASS" signature="setUp()[pri:0, instance:org.technbolts.eclipse.jbehave.StepParserTest@7c6572b]" name="setUp" is-config="true" duration-ms="5" started-at="2012-01-29T14:57:24Z" finished-at="2012-01-29T14:57:24Z">
        </test-method>
        <test-method status="PASS" signature="usecase_ex1()[pri:0, instance:org.technbolts.eclipse.jbehave.StepParserTest@7c6572b]" name="usecase_ex1" duration-ms="79" started-at="2012-01-29T14:57:24Z" finished-at="2012-01-29T14:57:24Z">
        </test-method>
        <test-method status="PASS" signature="setUp()[pri:0, instance:org.technbolts.eclipse.jbehave.StepParserTest@7c6572b]" name="setUp" is-config="true" duration-ms="4" started-at="2012-01-29T14:57:24Z" finished-at="2012-01-29T14:57:24Z">
        </test-method>
        <test-method status="PASS" signature="usecase_ex2()[pri:0, instance:org.technbolts.eclipse.jbehave.StepParserTest@7c6572b]" name="usecase_ex2" duration-ms="56" started-at="2012-01-29T14:57:24Z" finished-at="2012-01-29T14:57:24Z">
        </test-method>
        <test-method status="PASS" signature="setUp()[pri:0, instance:org.technbolts.eclipse.jbehave.StepParserTest@7c6572b]" name="setUp" is-config="true" duration-ms="4" started-at="2012-01-29T14:57:24Z" finished-at="2012-01-29T14:57:24Z">
        </test-method>
        <test-method status="PASS" signature="usecase_ex3()[pri:0, instance:org.technbolts.eclipse.jbehave.StepParserTest@7c6572b]" name="usecase_ex3" duration-ms="24" started-at="2012-01-29T14:57:24Z" finished-at="2012-01-29T14:57:24Z">
        </test-method>
      </class>
      <class name="org.technbolts.jbehave.support.JBKeywordTest">
        <test-method status="PASS" signature="asString()[pri:0, instance:org.technbolts.jbehave.support.JBKeywordTest@73da669c]" name="asString" duration-ms="32" started-at="2012-01-29T14:57:21Z" finished-at="2012-01-29T14:57:21Z">
        </test-method>
      </class>
      <class name="org.technbolts.eclipse.util.TemplateUtilsTest">
        <test-method status="PASS" signature="templatizeVariables_()[pri:0, instance:org.technbolts.eclipse.util.TemplateUtilsTest@207f5580]" name="templatizeVariables_" duration-ms="2" started-at="2012-01-29T14:57:21Z" finished-at="2012-01-29T14:57:21Z">
        </test-method>
      </class>
      <class name="org.technbolts.util.ProcessGroupTest">
        <test-method status="PASS" signature="setUp()[pri:0, instance:org.technbolts.util.ProcessGroupTest@f06fc94]" name="setUp" is-config="true" duration-ms="3" started-at="2012-01-29T14:57:21Z" finished-at="2012-01-29T14:57:21Z">
        </test-method>
        <test-method status="PASS" signature="usecase()[pri:0, instance:org.technbolts.util.ProcessGroupTest@f06fc94]" name="usecase" duration-ms="2532" started-at="2012-01-29T14:57:21Z" finished-at="2012-01-29T14:57:24Z">
        </test-method>
      </class>
      <class name="org.technbolts.util.StringsTest">
        <test-method status="PASS" signature="getSubLineUntilOffset()[pri:0, instance:org.technbolts.util.StringsTest@45d6a56e]" name="getSubLineUntilOffset" duration-ms="7" started-at="2012-01-29T14:57:21Z" finished-at="2012-01-29T14:57:21Z">
        </test-method>
        <test-method status="PASS" signature="tet_removeTrailingNewline()[pri:0, instance:org.technbolts.util.StringsTest@45d6a56e]" name="tet_removeTrailingNewline" duration-ms="1" started-at="2012-01-29T14:57:21Z" finished-at="2012-01-29T14:57:21Z">
        </test-method>
      </class>
      <class name="org.technbolts.jbehave.eclipse.editors.story.scanner.StepScannerStyledTest">
        <test-method status="PASS" signature="prepare()[pri:0, instance:org.technbolts.jbehave.eclipse.editors.story.scanner.StepScannerStyledTest@3acafb56]" name="prepare" is-config="true" duration-ms="228" started-at="2012-01-29T14:57:24Z" finished-at="2012-01-29T14:57:24Z">
        </test-method>
        <test-method status="PASS" signature="useCase_ex1()[pri:0, instance:org.technbolts.jbehave.eclipse.editors.story.scanner.StepScannerStyledTest@3acafb56]" name="useCase_ex1" duration-ms="8" started-at="2012-01-29T14:57:24Z" finished-at="2012-01-29T14:57:24Z">
        </test-method>
      </class>
      <class name="org.technbolts.jbehave.parser.ContentWithIgnorableEmitterTest">
        <test-method status="PASS" signature="setUp()[pri:0, instance:org.technbolts.jbehave.parser.ContentWithIgnorableEmitterTest@4dd36dfe]" name="setUp" is-config="true" duration-ms="0" started-at="2012-01-29T14:57:24Z" finished-at="2012-01-29T14:57:24Z">
        </test-method>
        <test-method status="PASS" signature="useCase_exampleTableWithComment_case1()[pri:0, instance:org.technbolts.jbehave.parser.ContentWithIgnorableEmitterTest@4dd36dfe]" name="useCase_exampleTableWithComment_case1" duration-ms="1" started-at="2012-01-29T14:57:24Z" finished-at="2012-01-29T14:57:24Z">
        </test-method>
        <test-method status="PASS" signature="useCase_exampleTableWithComment_case2()[pri:0, instance:org.technbolts.jbehave.parser.ContentWithIgnorableEmitterTest@4dd36dfe]" name="useCase_exampleTableWithComment_case2" duration-ms="12" started-at="2012-01-29T14:57:24Z" finished-at="2012-01-29T14:57:24Z">
        </test-method>
        <test-method status="PASS" signature="setUp()[pri:0, instance:org.technbolts.jbehave.parser.ContentWithIgnorableEmitterTest@4dd36dfe]" name="setUp" is-config="true" duration-ms="0" started-at="2012-01-29T14:57:24Z" finished-at="2012-01-29T14:57:24Z">
        </test-method>
      </class>
    </test>
  </suite>
</testng-results>
